app/build/intermediates/manifest_merge_blame_file/debug/processDebugMainManifest/manifest-merger-blame-debug-report.txt
1<?xml version="1.0" encoding="utf-8"?>
2<manifest xmlns:android="http://schemas.android.com/apk/res/android"
3    package="com.example.hoophubskeleton"
4    android:versionCode="1"
5    android:versionName="1.0" >
6
7    <uses-sdk
8        android:minSdkVersion="24"
9        android:targetSdkVersion="34" />
10
11    <uses-feature android:name="android.hardware.camera" />
11-->src/main/AndroidManifest.xml:5:5-60
11-->src/main/AndroidManifest.xml:5:19-57
12
13    <uses-permission android:name="android.permission.CAMERA" />
13-->src/main/AndroidManifest.xml:7:5-65
13-->src/main/AndroidManifest.xml:7:22-62
14    <uses-permission android:name="android.permission.READ_MEDIA_IMAGES" />
14-->src/main/AndroidManifest.xml:8:5-9:46
14-->src/main/AndroidManifest.xml:8:22-73
15    <uses-permission android:name="android.permission.ACCESS_FINE_LOCATION" />
15-->src/main/AndroidManifest.xml:10:5-79
15-->src/main/AndroidManifest.xml:10:22-76
16    <uses-permission android:name="android.permission.ACCESS_COARSE_LOCATION" />
16-->src/main/AndroidManifest.xml:11:5-81
16-->src/main/AndroidManifest.xml:11:22-78
17
18    <!-- Although the *SdkVersion is captured in gradle build files, this is required for non gradle builds -->
19    <!-- <uses-sdk android:minSdkVersion="21"/> -->
20    <uses-permission android:name="android.permission.ACCESS_NETWORK_STATE" />
20-->[com.google.firebase:firebase-storage:21.0.1] AndroidManifest.xml:23:5-79
20-->[com.google.firebase:firebase-storage:21.0.1] AndroidManifest.xml:23:22-76
21    <uses-permission android:name="android.permission.INTERNET" />
21-->[com.google.firebase:firebase-storage:21.0.1] AndroidManifest.xml:24:5-67
21-->[com.google.firebase:firebase-storage:21.0.1] AndroidManifest.xml:24:22-64
22    <uses-permission android:name="android.permission.WAKE_LOCK" />
22-->[com.google.android.gms:play-services-measurement-api:22.1.2] AndroidManifest.xml:24:5-68
22-->[com.google.android.gms:play-services-measurement-api:22.1.2] AndroidManifest.xml:24:22-65
23    <uses-permission android:name="com.google.android.gms.permission.AD_ID" />
23-->[com.google.android.gms:play-services-measurement-api:22.1.2] AndroidManifest.xml:25:5-79
23-->[com.google.android.gms:play-services-measurement-api:22.1.2] AndroidManifest.xml:25:22-76
24    <uses-permission android:name="android.permission.ACCESS_ADSERVICES_ATTRIBUTION" />
24-->[com.google.android.gms:play-services-measurement-api:22.1.2] AndroidManifest.xml:26:5-88
24-->[com.google.android.gms:play-services-measurement-api:22.1.2] AndroidManifest.xml:26:22-85
25    <uses-permission android:name="android.permission.ACCESS_ADSERVICES_AD_ID" />
25-->[com.google.android.gms:play-services-measurement-api:22.1.2] AndroidManifest.xml:27:5-82
25-->[com.google.android.gms:play-services-measurement-api:22.1.2] AndroidManifest.xml:27:22-79
26
27    <uses-feature
27-->[com.google.android.gms:play-services-maps:18.1.0] AndroidManifest.xml:26:5-28:35
28        android:glEsVersion="0x00020000"
28-->[com.google.android.gms:play-services-maps:18.1.0] AndroidManifest.xml:27:9-41
29        android:required="true" />
29-->[com.google.android.gms:play-services-maps:18.1.0] AndroidManifest.xml:28:9-32
30
31    <queries>
31-->[com.google.android.gms:play-services-maps:18.1.0] AndroidManifest.xml:30:5-34:15
32
33        <!-- Needs to be explicitly declared on Android R+ -->
34        <package android:name="com.google.android.apps.maps" />
34-->[com.google.android.gms:play-services-maps:18.1.0] AndroidManifest.xml:33:9-64
34-->[com.google.android.gms:play-services-maps:18.1.0] AndroidManifest.xml:33:18-61
35
36        <intent>
36-->[com.google.androidbrowserhelper:androidbrowserhelper:2.4.0] AndroidManifest.xml:27:9-33:18
37            <action android:name="android.intent.action.VIEW" />
37-->[com.google.firebase:firebase-auth:23.1.0] AndroidManifest.xml:36:17-69
37-->[com.google.firebase:firebase-auth:23.1.0] AndroidManifest.xml:36:25-66
38
39            <category android:name="android.intent.category.BROWSABLE" />
39-->[com.google.firebase:firebase-auth:23.1.0] AndroidManifest.xml:39:17-78
39-->[com.google.firebase:firebase-auth:23.1.0] AndroidManifest.xml:39:27-75
40
41            <data android:scheme="https" />
41-->[com.google.firebase:firebase-auth:23.1.0] AndroidManifest.xml:41:17-44:51
41-->[com.google.firebase:firebase-auth:23.1.0] AndroidManifest.xml:44:21-48
42        </intent>
43    </queries>
44
45    <uses-permission android:name="com.google.android.finsky.permission.BIND_GET_INSTALL_REFERRER_SERVICE" />
45-->[com.google.android.gms:play-services-measurement:22.1.2] AndroidManifest.xml:26:5-110
45-->[com.google.android.gms:play-services-measurement:22.1.2] AndroidManifest.xml:26:22-107
46    <uses-permission android:name="com.google.android.providers.gsf.permission.READ_GSERVICES" />
46-->[com.google.android.recaptcha:recaptcha:18.5.1] AndroidManifest.xml:9:5-98
46-->[com.google.android.recaptcha:recaptcha:18.5.1] AndroidManifest.xml:9:22-95
47
48    <permission
48-->[androidx.core:core:1.12.0] AndroidManifest.xml:22:5-24:47
49        android:name="com.example.hoophubskeleton.DYNAMIC_RECEIVER_NOT_EXPORTED_PERMISSION"
49-->[androidx.core:core:1.12.0] AndroidManifest.xml:23:9-81
50        android:protectionLevel="signature" />
50-->[androidx.core:core:1.12.0] AndroidManifest.xml:24:9-44
51
52    <uses-permission android:name="com.example.hoophubskeleton.DYNAMIC_RECEIVER_NOT_EXPORTED_PERMISSION" />
52-->[androidx.core:core:1.12.0] AndroidManifest.xml:26:5-97
52-->[androidx.core:core:1.12.0] AndroidManifest.xml:26:22-94
53
54    <application
54-->src/main/AndroidManifest.xml:14:5-52:19
55        android:allowBackup="true"
55-->src/main/AndroidManifest.xml:15:9-35
56        android:appComponentFactory="androidx.core.app.CoreComponentFactory"
56-->[androidx.core:core:1.12.0] AndroidManifest.xml:28:18-86
57        android:dataExtractionRules="@xml/data_extraction_rules"
57-->src/main/AndroidManifest.xml:16:9-65
58        android:debuggable="true"
59        android:extractNativeLibs="false"
60        android:fullBackupContent="@xml/backup_rules"
60-->src/main/AndroidManifest.xml:17:9-54
61        android:icon="@mipmap/ic_launcher"
61-->src/main/AndroidManifest.xml:18:9-43
62        android:label="@string/app_name"
62-->src/main/AndroidManifest.xml:19:9-41
63        android:roundIcon="@mipmap/ic_launcher_round"
63-->src/main/AndroidManifest.xml:20:9-54
64        android:supportsRtl="true"
64-->src/main/AndroidManifest.xml:21:9-35
65        android:testOnly="true"
66        android:theme="@style/Theme.HoopHubSkeleton" >
66-->src/main/AndroidManifest.xml:22:9-53
67        <meta-data
68            android:name="com.google.android.geo.API_KEY"
68-->src/main/AndroidManifest.xml:27:13-58
69            android:value="AIzaSyANF3LNJc3vosMWOppgPPf8fbyAoarMaoU" />
69-->src/main/AndroidManifest.xml:28:13-44
70
71        <activity
71-->src/main/AndroidManifest.xml:30:9-36:20
72            android:name="com.example.hoophubskeleton.AuthHostActivity"
72-->src/main/AndroidManifest.xml:30:19-51
73            android:exported="true" >
73-->src/main/AndroidManifest.xml:31:13-36
74            <intent-filter>
74-->src/main/AndroidManifest.xml:32:13-35:29
75                <action android:name="android.intent.action.MAIN" />
75-->src/main/AndroidManifest.xml:33:17-69
75-->src/main/AndroidManifest.xml:33:25-66
76
77                <category android:name="android.intent.category.LAUNCHER" />
77-->src/main/AndroidManifest.xml:34:17-77
77-->src/main/AndroidManifest.xml:34:27-74
78            </intent-filter>
79        </activity>
80        <activity android:name="com.example.hoophubskeleton.MainActivity" />
80-->src/main/AndroidManifest.xml:38:9-50
80-->src/main/AndroidManifest.xml:38:19-47
81
82        <provider
82-->src/main/AndroidManifest.xml:42:5-51:20
83            android:name="androidx.core.content.FileProvider"
83-->src/main/AndroidManifest.xml:43:13-62
84            android:authorities="com.example.hoophubskeleton"
84-->src/main/AndroidManifest.xml:44:13-62
85            android:exported="false"
85-->src/main/AndroidManifest.xml:45:13-37
86            android:grantUriPermissions="true" >
86-->src/main/AndroidManifest.xml:46:13-47
87            <meta-data
87-->src/main/AndroidManifest.xml:48:13-50:54
88                android:name="android.support.FILE_PROVIDER_PATHS"
88-->src/main/AndroidManifest.xml:49:17-67
89                android:resource="@xml/file_paths" />
89-->src/main/AndroidManifest.xml:50:17-51
90        </provider>
91
92        <service
92-->[com.google.firebase:firebase-storage-ktx:21.0.1] AndroidManifest.xml:9:9-15:19
93            android:name="com.google.firebase.components.ComponentDiscoveryService"
93-->[com.google.firebase:firebase-storage-ktx:21.0.1] AndroidManifest.xml:10:13-84
94            android:directBootAware="true"
94-->[com.google.firebase:firebase-common:21.0.0] AndroidManifest.xml:32:13-43
95            android:exported="false" >
95-->[com.google.firebase:firebase-storage-ktx:21.0.1] AndroidManifest.xml:11:13-37
96            <meta-data
96-->[com.google.firebase:firebase-storage-ktx:21.0.1] AndroidManifest.xml:12:13-14:85
97                android:name="com.google.firebase.components:com.google.firebase.storage.ktx.FirebaseStorageLegacyRegistrar"
97-->[com.google.firebase:firebase-storage-ktx:21.0.1] AndroidManifest.xml:13:17-125
98                android:value="com.google.firebase.components.ComponentRegistrar" />
98-->[com.google.firebase:firebase-storage-ktx:21.0.1] AndroidManifest.xml:14:17-82
99            <meta-data
99-->[com.google.firebase:firebase-firestore-ktx:25.1.1] AndroidManifest.xml:12:13-14:85
100                android:name="com.google.firebase.components:com.google.firebase.firestore.ktx.FirebaseFirestoreLegacyRegistrar"
100-->[com.google.firebase:firebase-firestore-ktx:25.1.1] AndroidManifest.xml:13:17-129
101                android:value="com.google.firebase.components.ComponentRegistrar" />
101-->[com.google.firebase:firebase-firestore-ktx:25.1.1] AndroidManifest.xml:14:17-82
102            <meta-data
102-->[com.google.firebase:firebase-analytics-ktx:22.1.2] AndroidManifest.xml:11:13-13:85
103                android:name="com.google.firebase.components:com.google.firebase.analytics.ktx.FirebaseAnalyticsLegacyRegistrar"
103-->[com.google.firebase:firebase-analytics-ktx:22.1.2] AndroidManifest.xml:12:17-129
104                android:value="com.google.firebase.components.ComponentRegistrar" />
104-->[com.google.firebase:firebase-analytics-ktx:22.1.2] AndroidManifest.xml:13:17-82
105            <meta-data
105-->[com.google.firebase:firebase-auth-ktx:23.1.0] AndroidManifest.xml:11:13-13:85
106                android:name="com.google.firebase.components:com.google.firebase.auth.ktx.FirebaseAuthLegacyRegistrar"
106-->[com.google.firebase:firebase-auth-ktx:23.1.0] AndroidManifest.xml:12:17-119
107                android:value="com.google.firebase.components.ComponentRegistrar" />
107-->[com.google.firebase:firebase-auth-ktx:23.1.0] AndroidManifest.xml:13:17-82
108            <meta-data
108-->[com.google.firebase:firebase-storage:21.0.1] AndroidManifest.xml:30:13-32:85
109                android:name="com.google.firebase.components:com.google.firebase.storage.FirebaseStorageKtxRegistrar"
109-->[com.google.firebase:firebase-storage:21.0.1] AndroidManifest.xml:31:17-118
110                android:value="com.google.firebase.components.ComponentRegistrar" />
110-->[com.google.firebase:firebase-storage:21.0.1] AndroidManifest.xml:32:17-82
111            <meta-data
111-->[com.google.firebase:firebase-storage:21.0.1] AndroidManifest.xml:33:13-35:85
112                android:name="com.google.firebase.components:com.google.firebase.storage.StorageRegistrar"
112-->[com.google.firebase:firebase-storage:21.0.1] AndroidManifest.xml:34:17-107
113                android:value="com.google.firebase.components.ComponentRegistrar" />
113-->[com.google.firebase:firebase-storage:21.0.1] AndroidManifest.xml:35:17-82
114            <meta-data
114-->[com.google.firebase:firebase-firestore:25.1.1] AndroidManifest.xml:17:13-19:85
115                android:name="com.google.firebase.components:com.google.firebase.firestore.FirebaseFirestoreKtxRegistrar"
115-->[com.google.firebase:firebase-firestore:25.1.1] AndroidManifest.xml:18:17-122
116                android:value="com.google.firebase.components.ComponentRegistrar" />
116-->[com.google.firebase:firebase-firestore:25.1.1] AndroidManifest.xml:19:17-82
117            <meta-data
117-->[com.google.firebase:firebase-firestore:25.1.1] AndroidManifest.xml:20:13-22:85
118                android:name="com.google.firebase.components:com.google.firebase.firestore.FirestoreRegistrar"
118-->[com.google.firebase:firebase-firestore:25.1.1] AndroidManifest.xml:21:17-111
119                android:value="com.google.firebase.components.ComponentRegistrar" />
119-->[com.google.firebase:firebase-firestore:25.1.1] AndroidManifest.xml:22:17-82
120            <meta-data
120-->[com.google.firebase:firebase-auth:23.1.0] AndroidManifest.xml:69:13-71:85
121                android:name="com.google.firebase.components:com.google.firebase.auth.FirebaseAuthRegistrar"
121-->[com.google.firebase:firebase-auth:23.1.0] AndroidManifest.xml:70:17-109
122                android:value="com.google.firebase.components.ComponentRegistrar" />
122-->[com.google.firebase:firebase-auth:23.1.0] AndroidManifest.xml:71:17-82
123            <meta-data
123-->[com.google.firebase:firebase-appcheck:18.0.0] AndroidManifest.xml:25:13-27:85
124                android:name="com.google.firebase.components:com.google.firebase.appcheck.FirebaseAppCheckKtxRegistrar"
124-->[com.google.firebase:firebase-appcheck:18.0.0] AndroidManifest.xml:26:17-120
125                android:value="com.google.firebase.components.ComponentRegistrar" />
125-->[com.google.firebase:firebase-appcheck:18.0.0] AndroidManifest.xml:27:17-82
126            <meta-data
126-->[com.google.firebase:firebase-appcheck:18.0.0] AndroidManifest.xml:28:13-30:85
127                android:name="com.google.firebase.components:com.google.firebase.appcheck.FirebaseAppCheckRegistrar"
127-->[com.google.firebase:firebase-appcheck:18.0.0] AndroidManifest.xml:29:17-117
128                android:value="com.google.firebase.components.ComponentRegistrar" />
128-->[com.google.firebase:firebase-appcheck:18.0.0] AndroidManifest.xml:30:17-82
129            <meta-data
129-->[com.google.android.gms:play-services-measurement-api:22.1.2] AndroidManifest.xml:37:13-39:85
130                android:name="com.google.firebase.components:com.google.firebase.analytics.connector.internal.AnalyticsConnectorRegistrar"
130-->[com.google.android.gms:play-services-measurement-api:22.1.2] AndroidManifest.xml:38:17-139
131                android:value="com.google.firebase.components.ComponentRegistrar" />
131-->[com.google.android.gms:play-services-measurement-api:22.1.2] AndroidManifest.xml:39:17-82
132            <meta-data
132-->[com.google.firebase:firebase-installations:18.0.0] AndroidManifest.xml:15:13-17:85
133                android:name="com.google.firebase.components:com.google.firebase.installations.FirebaseInstallationsKtxRegistrar"
133-->[com.google.firebase:firebase-installations:18.0.0] AndroidManifest.xml:16:17-130
134                android:value="com.google.firebase.components.ComponentRegistrar" />
134-->[com.google.firebase:firebase-installations:18.0.0] AndroidManifest.xml:17:17-82
135            <meta-data
135-->[com.google.firebase:firebase-installations:18.0.0] AndroidManifest.xml:18:13-20:85
136                android:name="com.google.firebase.components:com.google.firebase.installations.FirebaseInstallationsRegistrar"
136-->[com.google.firebase:firebase-installations:18.0.0] AndroidManifest.xml:19:17-127
137                android:value="com.google.firebase.components.ComponentRegistrar" />
137-->[com.google.firebase:firebase-installations:18.0.0] AndroidManifest.xml:20:17-82
138            <meta-data
138-->[com.google.firebase:firebase-common-ktx:21.0.0] AndroidManifest.xml:12:13-14:85
139                android:name="com.google.firebase.components:com.google.firebase.ktx.FirebaseCommonLegacyRegistrar"
139-->[com.google.firebase:firebase-common-ktx:21.0.0] AndroidManifest.xml:13:17-116
140                android:value="com.google.firebase.components.ComponentRegistrar" />
140-->[com.google.firebase:firebase-common-ktx:21.0.0] AndroidManifest.xml:14:17-82
141            <meta-data
141-->[com.google.firebase:firebase-common:21.0.0] AndroidManifest.xml:35:13-37:85
142                android:name="com.google.firebase.components:com.google.firebase.FirebaseCommonKtxRegistrar"
142-->[com.google.firebase:firebase-common:21.0.0] AndroidManifest.xml:36:17-109
143                android:value="com.google.firebase.components.ComponentRegistrar" />
143-->[com.google.firebase:firebase-common:21.0.0] AndroidManifest.xml:37:17-82
144        </service>
145
146        <activity
146-->[com.google.firebase:firebase-auth:23.1.0] AndroidManifest.xml:29:9-46:20
147            android:name="com.google.firebase.auth.internal.GenericIdpActivity"
147-->[com.google.firebase:firebase-auth:23.1.0] AndroidManifest.xml:30:13-80
148            android:excludeFromRecents="true"
148-->[com.google.firebase:firebase-auth:23.1.0] AndroidManifest.xml:31:13-46
149            android:exported="true"
149-->[com.google.firebase:firebase-auth:23.1.0] AndroidManifest.xml:32:13-36
150            android:launchMode="singleTask"
150-->[com.google.firebase:firebase-auth:23.1.0] AndroidManifest.xml:33:13-44
151            android:theme="@android:style/Theme.Translucent.NoTitleBar" >
151-->[com.google.firebase:firebase-auth:23.1.0] AndroidManifest.xml:34:13-72
152            <intent-filter>
152-->[com.google.firebase:firebase-auth:23.1.0] AndroidManifest.xml:35:13-45:29
153                <action android:name="android.intent.action.VIEW" />
153-->[com.google.firebase:firebase-auth:23.1.0] AndroidManifest.xml:36:17-69
153-->[com.google.firebase:firebase-auth:23.1.0] AndroidManifest.xml:36:25-66
154
155                <category android:name="android.intent.category.DEFAULT" />
155-->[com.google.firebase:firebase-auth:23.1.0] AndroidManifest.xml:38:17-76
155-->[com.google.firebase:firebase-auth:23.1.0] AndroidManifest.xml:38:27-73
156                <category android:name="android.intent.category.BROWSABLE" />
156-->[com.google.firebase:firebase-auth:23.1.0] AndroidManifest.xml:39:17-78
156-->[com.google.firebase:firebase-auth:23.1.0] AndroidManifest.xml:39:27-75
157
158                <data
158-->[com.google.firebase:firebase-auth:23.1.0] AndroidManifest.xml:41:17-44:51
159                    android:host="firebase.auth"
159-->[com.google.firebase:firebase-auth:23.1.0] AndroidManifest.xml:42:21-49
160                    android:path="/"
160-->[com.google.firebase:firebase-auth:23.1.0] AndroidManifest.xml:43:21-37
161                    android:scheme="genericidp" />
161-->[com.google.firebase:firebase-auth:23.1.0] AndroidManifest.xml:44:21-48
162            </intent-filter>
163        </activity>
164        <activity
164-->[com.google.firebase:firebase-auth:23.1.0] AndroidManifest.xml:47:9-64:20
165            android:name="com.google.firebase.auth.internal.RecaptchaActivity"
165-->[com.google.firebase:firebase-auth:23.1.0] AndroidManifest.xml:48:13-79
166            android:excludeFromRecents="true"
166-->[com.google.firebase:firebase-auth:23.1.0] AndroidManifest.xml:49:13-46
167            android:exported="true"
167-->[com.google.firebase:firebase-auth:23.1.0] AndroidManifest.xml:50:13-36
168            android:launchMode="singleTask"
168-->[com.google.firebase:firebase-auth:23.1.0] AndroidManifest.xml:51:13-44
169            android:theme="@android:style/Theme.Translucent.NoTitleBar" >
169-->[com.google.firebase:firebase-auth:23.1.0] AndroidManifest.xml:52:13-72
170            <intent-filter>
170-->[com.google.firebase:firebase-auth:23.1.0] AndroidManifest.xml:53:13-63:29
171                <action android:name="android.intent.action.VIEW" />
171-->[com.google.firebase:firebase-auth:23.1.0] AndroidManifest.xml:36:17-69
171-->[com.google.firebase:firebase-auth:23.1.0] AndroidManifest.xml:36:25-66
172
173                <category android:name="android.intent.category.DEFAULT" />
173-->[com.google.firebase:firebase-auth:23.1.0] AndroidManifest.xml:38:17-76
173-->[com.google.firebase:firebase-auth:23.1.0] AndroidManifest.xml:38:27-73
174                <category android:name="android.intent.category.BROWSABLE" />
174-->[com.google.firebase:firebase-auth:23.1.0] AndroidManifest.xml:39:17-78
174-->[com.google.firebase:firebase-auth:23.1.0] AndroidManifest.xml:39:27-75
175
176                <data
176-->[com.google.firebase:firebase-auth:23.1.0] AndroidManifest.xml:41:17-44:51
177                    android:host="firebase.auth"
177-->[com.google.firebase:firebase-auth:23.1.0] AndroidManifest.xml:42:21-49
178                    android:path="/"
178-->[com.google.firebase:firebase-auth:23.1.0] AndroidManifest.xml:43:21-37
179                    android:scheme="recaptcha" />
179-->[com.google.firebase:firebase-auth:23.1.0] AndroidManifest.xml:44:21-48
180            </intent-filter>
181        </activity>
182
183        <property
183-->[com.google.android.gms:play-services-measurement-api:22.1.2] AndroidManifest.xml:30:9-32:61
184            android:name="android.adservices.AD_SERVICES_CONFIG"
184-->[com.google.android.gms:play-services-measurement-api:22.1.2] AndroidManifest.xml:31:13-65
185            android:resource="@xml/ga_ad_services_config" />
185-->[com.google.android.gms:play-services-measurement-api:22.1.2] AndroidManifest.xml:32:13-58
186
187        <activity
187-->[androidx.compose.ui:ui-tooling-android:1.5.4] AndroidManifest.xml:23:9-25:39
188            android:name="androidx.compose.ui.tooling.PreviewActivity"
188-->[androidx.compose.ui:ui-tooling-android:1.5.4] AndroidManifest.xml:24:13-71
189            android:exported="true" /> <!-- Needs to be explicitly declared on P+ -->
189-->[androidx.compose.ui:ui-tooling-android:1.5.4] AndroidManifest.xml:25:13-36
190        <uses-library
190-->[com.google.android.gms:play-services-maps:18.1.0] AndroidManifest.xml:39:9-41:40
191            android:name="org.apache.http.legacy"
191-->[com.google.android.gms:play-services-maps:18.1.0] AndroidManifest.xml:40:13-50
192            android:required="false" />
192-->[com.google.android.gms:play-services-maps:18.1.0] AndroidManifest.xml:41:13-37
193
194        <provider
194-->[com.google.firebase:firebase-common:21.0.0] AndroidManifest.xml:23:9-28:39
195            android:name="com.google.firebase.provider.FirebaseInitProvider"
195-->[com.google.firebase:firebase-common:21.0.0] AndroidManifest.xml:24:13-77
196            android:authorities="com.example.hoophubskeleton.firebaseinitprovider"
196-->[com.google.firebase:firebase-common:21.0.0] AndroidManifest.xml:25:13-72
197            android:directBootAware="true"
197-->[com.google.firebase:firebase-common:21.0.0] AndroidManifest.xml:26:13-43
198            android:exported="false"
198-->[com.google.firebase:firebase-common:21.0.0] AndroidManifest.xml:27:13-37
199            android:initOrder="100" />
199-->[com.google.firebase:firebase-common:21.0.0] AndroidManifest.xml:28:13-36
200
201        <receiver
201-->[com.google.android.gms:play-services-measurement:22.1.2] AndroidManifest.xml:29:9-33:20
202            android:name="com.google.android.gms.measurement.AppMeasurementReceiver"
202-->[com.google.android.gms:play-services-measurement:22.1.2] AndroidManifest.xml:30:13-85
203            android:enabled="true"
203-->[com.google.android.gms:play-services-measurement:22.1.2] AndroidManifest.xml:31:13-35
204            android:exported="false" >
204-->[com.google.android.gms:play-services-measurement:22.1.2] AndroidManifest.xml:32:13-37
205        </receiver>
206
207        <service
207-->[com.google.android.gms:play-services-measurement:22.1.2] AndroidManifest.xml:35:9-38:40
208            android:name="com.google.android.gms.measurement.AppMeasurementService"
208-->[com.google.android.gms:play-services-measurement:22.1.2] AndroidManifest.xml:36:13-84
209            android:enabled="true"
209-->[com.google.android.gms:play-services-measurement:22.1.2] AndroidManifest.xml:37:13-35
210            android:exported="false" />
210-->[com.google.android.gms:play-services-measurement:22.1.2] AndroidManifest.xml:38:13-37
211        <service
211-->[com.google.android.gms:play-services-measurement:22.1.2] AndroidManifest.xml:39:9-43:72
212            android:name="com.google.android.gms.measurement.AppMeasurementJobService"
212-->[com.google.android.gms:play-services-measurement:22.1.2] AndroidManifest.xml:40:13-87
213            android:enabled="true"
213-->[com.google.android.gms:play-services-measurement:22.1.2] AndroidManifest.xml:41:13-35
214            android:exported="false"
214-->[com.google.android.gms:play-services-measurement:22.1.2] AndroidManifest.xml:42:13-37
215            android:permission="android.permission.BIND_JOB_SERVICE" />
215-->[com.google.android.gms:play-services-measurement:22.1.2] AndroidManifest.xml:43:13-69
216        <service
216-->[androidx.credentials:credentials-play-services-auth:1.2.0-rc01] AndroidManifest.xml:24:9-32:19
217            android:name="androidx.credentials.playservices.CredentialProviderMetadataHolder"
217-->[androidx.credentials:credentials-play-services-auth:1.2.0-rc01] AndroidManifest.xml:25:13-94
218            android:enabled="true"
218-->[androidx.credentials:credentials-play-services-auth:1.2.0-rc01] AndroidManifest.xml:26:13-35
219            android:exported="false" >
219-->[androidx.credentials:credentials-play-services-auth:1.2.0-rc01] AndroidManifest.xml:27:13-37
220            <meta-data
220-->[androidx.credentials:credentials-play-services-auth:1.2.0-rc01] AndroidManifest.xml:29:13-31:104
221                android:name="androidx.credentials.CREDENTIAL_PROVIDER_KEY"
221-->[androidx.credentials:credentials-play-services-auth:1.2.0-rc01] AndroidManifest.xml:30:17-76
222                android:value="androidx.credentials.playservices.CredentialProviderPlayServicesImpl" />
222-->[androidx.credentials:credentials-play-services-auth:1.2.0-rc01] AndroidManifest.xml:31:17-101
223        </service>
224
225        <activity
225-->[androidx.credentials:credentials-play-services-auth:1.2.0-rc01] AndroidManifest.xml:34:9-41:20
226            android:name="androidx.credentials.playservices.HiddenActivity"
226-->[androidx.credentials:credentials-play-services-auth:1.2.0-rc01] AndroidManifest.xml:35:13-76
227            android:configChanges="orientation|screenSize|screenLayout|keyboardHidden"
227-->[androidx.credentials:credentials-play-services-auth:1.2.0-rc01] AndroidManifest.xml:36:13-87
228            android:enabled="true"
228-->[androidx.credentials:credentials-play-services-auth:1.2.0-rc01] AndroidManifest.xml:37:13-35
229            android:exported="false"
229-->[androidx.credentials:credentials-play-services-auth:1.2.0-rc01] AndroidManifest.xml:38:13-37
230            android:fitsSystemWindows="true"
230-->[androidx.credentials:credentials-play-services-auth:1.2.0-rc01] AndroidManifest.xml:39:13-45
231            android:theme="@style/Theme.Hidden" >
231-->[androidx.credentials:credentials-play-services-auth:1.2.0-rc01] AndroidManifest.xml:40:13-48
232        </activity>
233        <activity
233-->[com.google.android.gms:play-services-auth:20.7.0] AndroidManifest.xml:23:9-27:75
234            android:name="com.google.android.gms.auth.api.signin.internal.SignInHubActivity"
234-->[com.google.android.gms:play-services-auth:20.7.0] AndroidManifest.xml:24:13-93
235            android:excludeFromRecents="true"
235-->[com.google.android.gms:play-services-auth:20.7.0] AndroidManifest.xml:25:13-46
236            android:exported="false"
236-->[com.google.android.gms:play-services-auth:20.7.0] AndroidManifest.xml:26:13-37
237            android:theme="@android:style/Theme.Translucent.NoTitleBar" />
237-->[com.google.android.gms:play-services-auth:20.7.0] AndroidManifest.xml:27:13-72
238        <!--
239            Service handling Google Sign-In user revocation. For apps that do not integrate with
240            Google Sign-In, this service will never be started.
241        -->
242        <service
242-->[com.google.android.gms:play-services-auth:20.7.0] AndroidManifest.xml:33:9-37:51
243            android:name="com.google.android.gms.auth.api.signin.RevocationBoundService"
243-->[com.google.android.gms:play-services-auth:20.7.0] AndroidManifest.xml:34:13-89
244            android:exported="true"
244-->[com.google.android.gms:play-services-auth:20.7.0] AndroidManifest.xml:35:13-36
245            android:permission="com.google.android.gms.auth.api.signin.permission.REVOCATION_NOTIFICATION"
245-->[com.google.android.gms:play-services-auth:20.7.0] AndroidManifest.xml:36:13-107
246            android:visibleToInstantApps="true" />
246-->[com.google.android.gms:play-services-auth:20.7.0] AndroidManifest.xml:37:13-48
247
248        <provider
248-->[androidx.emoji2:emoji2:1.4.0] AndroidManifest.xml:24:9-32:20
249            android:name="androidx.startup.InitializationProvider"
249-->[androidx.emoji2:emoji2:1.4.0] AndroidManifest.xml:25:13-67
250            android:authorities="com.example.hoophubskeleton.androidx-startup"
250-->[androidx.emoji2:emoji2:1.4.0] AndroidManifest.xml:26:13-68
251            android:exported="false" >
251-->[androidx.emoji2:emoji2:1.4.0] AndroidManifest.xml:27:13-37
252            <meta-data
252-->[androidx.emoji2:emoji2:1.4.0] AndroidManifest.xml:29:13-31:52
253                android:name="androidx.emoji2.text.EmojiCompatInitializer"
253-->[androidx.emoji2:emoji2:1.4.0] AndroidManifest.xml:30:17-75
254                android:value="androidx.startup" />
254-->[androidx.emoji2:emoji2:1.4.0] AndroidManifest.xml:31:17-49
255            <meta-data